<?xml version="1.0" encoding="UTF-8"?>
<!-- Generated by org.testng.reporters.JUnitReportReporter -->
<testsuite hostname="DESKTOP-HJ8D559" failures="0" tests="1" name="com.payroll_testing.test.Admin_test" time="91.631" errors="0" timestamp="2022-10-25T16:14:52 IST" skipped="0">
  <testcase classname="com.payroll_testing.test.Admin_test" name="executSessionOne" time="91.631"/>
  <system-out/>
</testsuite> <!-- com.payroll_testing.test.Admin_test -->
