<?xml version="1.0" encoding="UTF-8"?>
<!-- Generated by org.testng.reporters.JUnitReportReporter -->
<testsuite hostname="DESKTOP-HJ8D559" failures="0" tests="1" name="com.payroll_testing.test.Employee_test" time="49.809" errors="0" timestamp="2022-10-25T16:16:18 IST" skipped="0">
  <testcase classname="com.payroll_testing.test.Employee_test" name="executSessionOne" time="49.809"/>
  <system-out/>
</testsuite> <!-- com.payroll_testing.test.Employee_test -->
